c:\users\trostfab\source\repos\fabiantr\incohautocorrelate\detphstatsim\obj\x64\debug\149086308.compileuptodatefile.tlog
c:\users\trostfab\source\repos\fabiantr\incohautocorrelate\detphstatsim\obj\x64\debug\149086308.linkuptodatefile.tlog
c:\users\trostfab\source\repos\fabiantr\incohautocorrelate\detphstatsim\obj\x64\debug\-1542819092.compileuptodatefile.tlog
c:\users\trostfab\source\repos\fabiantr\incohautocorrelate\detphstatsim\obj\x64\debug\-1542819092.copysourcesuptodatefile.tlog
c:\users\trostfab\source\repos\fabiantr\incohautocorrelate\detphstatsim\obj\x64\debug\-1542819092.linkuptodatefile.tlog
c:\users\trostfab\source\repos\fabiantr\incohautocorrelate\detphstatsim\obj\x64\debug\-1542819092.local_remote_pathmapping.tlog
c:\users\trostfab\source\repos\fabiantr\incohautocorrelate\detphstatsim\obj\x64\debug\-1542819092.remoteprojectdirfile.tlog
c:\users\trostfab\source\repos\fabiantr\incohautocorrelate\detphstatsim\obj\x64\debug\-695385563.compileuptodatefile.tlog
c:\users\trostfab\source\repos\fabiantr\incohautocorrelate\detphstatsim\obj\x64\debug\-695385563.copysourcesuptodatefile.tlog
c:\users\trostfab\source\repos\fabiantr\incohautocorrelate\detphstatsim\obj\x64\debug\-695385563.linkuptodatefile.tlog
c:\users\trostfab\source\repos\fabiantr\incohautocorrelate\detphstatsim\obj\x64\debug\-695385563.local_remote_pathmapping.tlog
c:\users\trostfab\source\repos\fabiantr\incohautocorrelate\detphstatsim\obj\x64\debug\-695385563.remoteprojectdirfile.tlog
c:\users\trostfab\source\repos\fabiantr\incohautocorrelate\detphstatsim\obj\x64\debug\149086308.copysourcesuptodatefile.tlog
c:\users\trostfab\source\repos\fabiantr\incohautocorrelate\detphstatsim\obj\x64\debug\149086308.local_remote_pathmapping.tlog
c:\users\trostfab\source\repos\fabiantr\incohautocorrelate\detphstatsim\obj\x64\debug\149086308.remoteprojectdirfile.tlog
c:\users\trostfab\source\repos\fabiantr\incohautocorrelate\detphstatsim\obj\x64\debug\lastremotetarget.tlog
c:\users\trostfab\source\repos\fabiantr\incohautocorrelate\detphstatsim\bin\x64\debug\detphstatsim.out
c:\users\trostfab\source\repos\fabiantr\incohautocorrelate\detphstatsim\obj\x64\debug\detphstatsim.tlog\compile.read.1.tlog
c:\users\trostfab\source\repos\fabiantr\incohautocorrelate\detphstatsim\obj\x64\debug\detphstatsim.tlog\compile.write.1.tlog
c:\users\trostfab\source\repos\fabiantr\incohautocorrelate\detphstatsim\obj\x64\debug\detphstatsim.tlog\link.write.1.tlog
